<?xml version="1.0" encoding="UTF-8"?>
<!-- Generated by org.testng.reporters.JUnitXMLReporter -->
<testsuite ignored="0" hostname="DESKTOP-JI0LI40" failures="0" tests="4" name="Default test" time="16.244" errors="0" timestamp="2024-03-07T14:23:10 IST">
  <testcase classname="api.tests.UserTest" name="test1" time="7.22"/>
  <testcase classname="api.tests.UserTest" name="test2" time="1.888"/>
  <testcase classname="api.tests.UserTest" name="putiing" time="3.668"/>
  <testcase classname="api.tests.UserTest" name="deleting" time="1.906"/>
</testsuite> <!-- Default test -->
