<?xml version="1.0" encoding="UTF-8"?>
<!-- Generated by org.testng.reporters.JUnitXMLReporter -->
<testsuite ignored="0" hostname="DESKTOP-JI0LI40" failures="0" tests="4" name="Test" time="13.119" errors="0" timestamp="2024-03-08T17:12:55 IST">
  <testcase classname="api.tests.UserTest" name="test1" time="4.787"/>
  <testcase classname="api.tests.UserTest" name="test2" time="1.702"/>
  <testcase classname="api.tests.UserTest" name="putiing" time="3.189"/>
  <testcase classname="api.tests.UserTest" name="deleting" time="1.591"/>
</testsuite> <!-- Test -->
