<?xml version="1.0" encoding="UTF-8"?>
<!-- Generated by org.testng.reporters.JUnitXMLReporter -->
<testsuite hostname="DESKTOP-JI0LI40" failures="0" tests="4" name="Test" time="12.794" errors="0" timestamp="10 Mar 2024 08:07:45 GMT">
  <testcase classname="api.tests.UserTest" name="test1" time="4.452"/>
  <testcase classname="api.tests.UserTest" name="test2" time="1.81"/>
  <testcase classname="api.tests.UserTest" name="putiing" time="4.154"/>
  <testcase classname="api.tests.UserTest" name="deleting" time="1.58"/>
</testsuite> <!-- Test -->
