<?xml version="1.0" encoding="UTF-8"?>
<testng-results total="4" passed="4" failed="0" skipped="0">
  <reporter-output>
  </reporter-output>
  <suite started-at="2024-03-08T13:00:45Z" name="Suite" finished-at="2024-03-08T13:00:58Z" duration-ms="12512">
    <groups>
    </groups>
    <test started-at="2024-03-08T13:00:45Z" name="Test" finished-at="2024-03-08T13:00:58Z" duration-ms="12512">
      <class name="api.tests.UserTest">
        <test-method is-config="true" signature="setupData()[pri:0, instance:api.tests.UserTest@1d75e7af]" started-at="2024-03-08T18:30:46Z" name="setupData" finished-at="2024-03-08T18:30:47Z" duration-ms="864" status="PASS">
          <reporter-output>
          </reporter-output>
        </test-method> <!-- setupData -->
        <test-method signature="test1()[pri:1, instance:api.tests.UserTest@1d75e7af]" started-at="2024-03-08T18:30:47Z" name="test1" finished-at="2024-03-08T18:30:51Z" duration-ms="4391" status="PASS">
          <reporter-output>
          </reporter-output>
        </test-method> <!-- test1 -->
        <test-method signature="test2()[pri:2, instance:api.tests.UserTest@1d75e7af]" started-at="2024-03-08T18:30:51Z" name="test2" finished-at="2024-03-08T18:30:53Z" duration-ms="1767" status="PASS">
          <reporter-output>
          </reporter-output>
        </test-method> <!-- test2 -->
        <test-method signature="putiing()[pri:3, instance:api.tests.UserTest@1d75e7af]" started-at="2024-03-08T18:30:53Z" name="putiing" finished-at="2024-03-08T18:30:56Z" duration-ms="3187" status="PASS">
          <reporter-output>
          </reporter-output>
        </test-method> <!-- putiing -->
        <test-method signature="deleting()[pri:4, instance:api.tests.UserTest@1d75e7af]" started-at="2024-03-08T18:30:56Z" name="deleting" finished-at="2024-03-08T18:30:58Z" duration-ms="1915" status="PASS">
          <reporter-output>
          </reporter-output>
        </test-method> <!-- deleting -->
      </class> <!-- api.tests.UserTest -->
    </test> <!-- Test -->
  </suite> <!-- Suite -->
</testng-results>
