<?xml version="1.0" encoding="UTF-8"?>
<testsuite xmlns:xsi="http://www.w3.org/2001/XMLSchema-instance" xsi:noNamespaceSchemaLocation="https://maven.apache.org/surefire/maven-surefire-plugin/xsd/surefire-test-report-3.0.xsd" version="3.0" name="TestSuite" time="14.393" tests="4" errors="0" skipped="0" failures="0">
  <properties>
[...]
</properties>
  <testcase name="test1" classname="api.tests.UserTest" time="4.1">
    <system-out><![CDATA[HTTP/1.1 200 OK
Date: Sun, 10 Mar 2024 04:02:11 GMT
Content-Type: application/json
Transfer-Encoding: chunked
Connection: keep-alive
Access-Control-Allow-Origin: *
Access-Control-Allow-Methods: GET, POST, DELETE, PUT
Access-Control-Allow-Headers: Content-Type, api_key, Authorization
Server: Jetty(9.2.9.v20150224)

{
    "code": 200,
    "type": "unknown",
    "message": "1271084832"
}
]]></system-out>
  </testcase>
  <testcase name="test2" classname="api.tests.UserTest" time="2.066">
    <system-out><![CDATA[jed.nader
HTTP/1.1 200 OK
Date: Sun, 10 Mar 2024 04:02:13 GMT
Content-Type: application/json
Transfer-Encoding: chunked
Connection: keep-alive
Access-Control-Allow-Origin: *
Access-Control-Allow-Methods: GET, POST, DELETE, PUT
Access-Control-Allow-Headers: Content-Type, api_key, Authorization
Server: Jetty(9.2.9.v20150224)

{
    "id": 1271084832,
    "username": "jed.nader",
    "firstName": "Pamila",
    "lastName": "Gleichner",
    "email": "ian.schaden@hotmail.com",
    "password": "k2lswph8u7",
    "phone": "(224) 585-5398",
    "userStatus": 0
}
]]></system-out>
  </testcase>
  <testcase name="putiing" classname="api.tests.UserTest" time="3.515">
    <system-out><![CDATA[HTTP/1.1 200 OK
Date: Sun, 10 Mar 2024 04:02:15 GMT
Content-Type: application/json
Transfer-Encoding: chunked
Connection: keep-alive
Access-Control-Allow-Origin: *
Access-Control-Allow-Methods: GET, POST, DELETE, PUT
Access-Control-Allow-Headers: Content-Type, api_key, Authorization
Server: Jetty(9.2.9.v20150224)

{
    "code": 200,
    "type": "unknown",
    "message": "0"
}
jed.nader
HTTP/1.1 200 OK
Date: Sun, 10 Mar 2024 04:02:17 GMT
Content-Type: application/json
Transfer-Encoding: chunked
Connection: keep-alive
Access-Control-Allow-Origin: *
Access-Control-Allow-Methods: GET, POST, DELETE, PUT
Access-Control-Allow-Headers: Content-Type, api_key, Authorization
Server: Jetty(9.2.9.v20150224)

{
    "id": 1271084832,
    "username": "jed.nader",
    "firstName": "Pamila",
    "lastName": "Gleichner",
    "email": "ian.schaden@hotmail.com",
    "password": "k2lswph8u7",
    "phone": "(224) 585-5398",
    "userStatus": 0
}
]]></system-out>
  </testcase>
  <testcase name="deleting" classname="api.tests.UserTest" time="1.917">
    <system-out><![CDATA[HTTP/1.1 200 OK
Date: Sun, 10 Mar 2024 04:02:18 GMT
Content-Type: application/json
Transfer-Encoding: chunked
Connection: keep-alive
Access-Control-Allow-Origin: *
Access-Control-Allow-Methods: GET, POST, DELETE, PUT
Access-Control-Allow-Headers: Content-Type, api_key, Authorization
Server: Jetty(9.2.9.v20150224)

{
    "code": 200,
    "type": "unknown",
    "message": "jed.nader"
}
]]></system-out>
  </testcase>
</testsuite>