<?xml version="1.0" encoding="UTF-8"?>
<testng-results total="4" passed="4" failed="0" skipped="0">
  <reporter-output>
  </reporter-output>
  <suite started-at="2024-03-10T08:07:32Z" name="Suite" finished-at="2024-03-10T08:07:45Z" duration-ms="12794">
    <groups>
    </groups>
    <test started-at="2024-03-10T08:07:32Z" name="Test" finished-at="2024-03-10T08:07:45Z" duration-ms="12794">
      <class name="api.tests.UserTest">
        <test-method is-config="true" signature="setupData()[pri:0, instance:api.tests.UserTest@1d75e7af]" started-at="2024-03-10T13:37:33Z" name="setupData" finished-at="2024-03-10T13:37:33Z" duration-ms="578" status="PASS">
          <reporter-output>
          </reporter-output>
        </test-method> <!-- setupData -->
        <test-method signature="test1()[pri:1, instance:api.tests.UserTest@1d75e7af]" started-at="2024-03-10T13:37:33Z" name="test1" finished-at="2024-03-10T13:37:38Z" duration-ms="4452" status="PASS">
          <reporter-output>
          </reporter-output>
        </test-method> <!-- test1 -->
        <test-method signature="test2()[pri:2, instance:api.tests.UserTest@1d75e7af]" started-at="2024-03-10T13:37:38Z" name="test2" finished-at="2024-03-10T13:37:39Z" duration-ms="1810" status="PASS">
          <reporter-output>
          </reporter-output>
        </test-method> <!-- test2 -->
        <test-method signature="putiing()[pri:3, instance:api.tests.UserTest@1d75e7af]" started-at="2024-03-10T13:37:39Z" name="putiing" finished-at="2024-03-10T13:37:44Z" duration-ms="4154" status="PASS">
          <reporter-output>
          </reporter-output>
        </test-method> <!-- putiing -->
        <test-method signature="deleting()[pri:4, instance:api.tests.UserTest@1d75e7af]" started-at="2024-03-10T13:37:44Z" name="deleting" finished-at="2024-03-10T13:37:45Z" duration-ms="1580" status="PASS">
          <reporter-output>
          </reporter-output>
        </test-method> <!-- deleting -->
      </class> <!-- api.tests.UserTest -->
    </test> <!-- Test -->
  </suite> <!-- Suite -->
</testng-results>
