<?xml version="1.0" encoding="UTF-8"?>
<testng-results ignored="0" total="4" passed="4" failed="0" skipped="0">
  <reporter-output>
  </reporter-output>
  <suite started-at="2024-03-08T17:12:42 IST" name="Suite" finished-at="2024-03-08T17:12:55 IST" duration-ms="13119">
    <groups>
    </groups>
    <test started-at="2024-03-08T17:12:42 IST" name="Test" finished-at="2024-03-08T17:12:55 IST" duration-ms="13119">
      <class name="api.tests.UserTest">
        <test-method is-config="true" signature="setupData()[pri:0, instance:api.tests.UserTest@7f8633ae]" started-at="2024-03-08T17:12:43 IST" name="setupData" finished-at="2024-03-08T17:12:44 IST" duration-ms="1357" status="PASS">
          <reporter-output>
          </reporter-output>
        </test-method> <!-- setupData -->
        <test-method signature="test1()[pri:1, instance:api.tests.UserTest@7f8633ae]" started-at="2024-03-08T17:12:44 IST" name="test1" finished-at="2024-03-08T17:12:49 IST" duration-ms="4787" status="PASS">
          <reporter-output>
          </reporter-output>
        </test-method> <!-- test1 -->
        <test-method signature="test2()[pri:2, instance:api.tests.UserTest@7f8633ae]" started-at="2024-03-08T17:12:49 IST" name="test2" finished-at="2024-03-08T17:12:51 IST" duration-ms="1702" status="PASS">
          <reporter-output>
          </reporter-output>
        </test-method> <!-- test2 -->
        <test-method signature="putiing()[pri:3, instance:api.tests.UserTest@7f8633ae]" started-at="2024-03-08T17:12:51 IST" name="putiing" finished-at="2024-03-08T17:12:54 IST" duration-ms="3189" status="PASS">
          <reporter-output>
          </reporter-output>
        </test-method> <!-- putiing -->
        <test-method signature="deleting()[pri:4, instance:api.tests.UserTest@7f8633ae]" started-at="2024-03-08T17:12:54 IST" name="deleting" finished-at="2024-03-08T17:12:55 IST" duration-ms="1591" status="PASS">
          <reporter-output>
          </reporter-output>
        </test-method> <!-- deleting -->
      </class> <!-- api.tests.UserTest -->
    </test> <!-- Test -->
  </suite> <!-- Suite -->
</testng-results>
